<?xml version="1.0" encoding="UTF-8"?>
<!-- Generated by org.testng.reporters.JUnitXMLReporter -->
<testsuite hostname="tomas-K53E" name="Default test(failed)" tests="1" failures="1" timestamp="9 May 2015 21:09:07 GMT" time="1.231" errors="0">
  <testcase name="testSubmission" time="0.517" classname="com.TK.frioj.systemServices.SingleProblemTestFromResources">
    <failure type="java.lang.AssertionError" message="expected [RTE] but found [CE]">
      <![CDATA[java.lang.AssertionError: expected [RTE] but found [CE]
	at com.TK.frioj.systemServices.SingleProblemTestFromResources.testSubmission(SingleProblemTestFromResources.java:57)
... Removed 28 stack frames]]>
    </failure>
  </testcase> <!-- testSubmission -->
</testsuite> <!-- Default test(failed) -->
